# JRE version: Java(TM) SE Runtime Environment (25.0.1+8) (build 25.0.1+8-LTS-27)
# Java VM: Java HotSpot(TM) 64-Bit Server VM (25.0.1+8-LTS-27, mixed mode, sharing, tiered, compressed oops, compressed class ptrs, parallel gc, windows-amd64)
GC Precious Log:
 CardTable entry size: 512
 CPUs: 16 total, 16 available
 Memory: 15711M
 Large Page Support: Disabled
 NUMA Support: Disabled
 Compressed Oops: Enabled (32-bit)
 Alignments: Space 512K, Generation 512K, Heap 2M
 Heap Min Capacity: 100M
 Heap Initial Capacity: 100M
 Heap Max Capacity: 2G
 Pre-touch: Disabled
 Parallel Workers: 13
Heap:
 PSYoungGen      total 32256K, used 6497K [0x00000000d5580000, 0x00000000d7700000, 0x0000000100000000)
  eden space 31232K, 17% used [0x00000000d5580000,0x00000000d5ae98f8,0x00000000d7400000)
  from space 1024K, 93% used [0x00000000d7580000,0x00000000d766ee08,0x00000000d7680000)
  to   space 1536K, 0% used [0x00000000d7400000,0x00000000d7400000,0x00000000d7580000)
 ParOldGen       total 454656K, used 271543K [0x0000000080000000, 0x000000009bc00000, 0x00000000d5580000)
  object space 454656K, 59% used [0x0000000080000000,0x000000009092de38,0x000000009bc00000)
GC Heap Usage History (20 events):
Event: 1853.002 {heap Before GC invocations=472 (full 5):
 PSYoungGen      total 32256K, used 31768K [0x00000000d5580000, 0x00000000d7680000, 0x0000000100000000)
  eden space 30720K, 100% used [0x00000000d5580000,0x00000000d7380000,0x00000000d7380000)
  from space 1536K, 68% used [0x00000000d7500000,0x00000000d7606228,0x00000000d7680000)
  to   space 1536K, 0% used [0x00000000d7380000,0x00000000d7380000,0x00000000d7500000)
 ParOldGen       total 454656K, used 262219K [0x0000000080000000, 0x000000009bc00000, 0x00000000d558Event: 1853.009 {heap After GC invocations=472 (full 5):
 PSYoungGen      total 31744K, used 1534K [0x00000000d5580000, 0x00000000d7a00000, 0x0000000100000000)
  eden space 30208K, 0% used [0x00000000d5580000,0x00000000d5580000,0x00000000d7300000)
  from space 1536K, 99% used [0x00000000d7380000,0x00000000d74ffb58,0x00000000d7500000)
  to   space 3584K, 0% used [0x00000000d7680000,0x00000000d7680000,0x00000000d7a00000)
 ParOldGen       total 454656K, used 263816K [0x0000000080000000, 0x000000009bc00000, 0x00000000d5580000Event: 2088.829 {heap Before GC invocations=473 (full 5):
 PSYoungGen      total 31744K, used 31742K [0x00000000d5580000, 0x00000000d7a00000, 0x0000000100000000)
  eden space 30208K, 100% used [0x00000000d5580000,0x00000000d7300000,0x00000000d7300000)
  from space 1536K, 99% used [0x00000000d7380000,0x00000000d74ffb58,0x00000000d7500000)
  to   space 3584K, 0% used [0x00000000d7680000,0x00000000d7680000,0x00000000d7a00000)
 ParOldGen       total 454656K, used 263816K [0x0000000080000000, 0x000000009bc00000, 0x00000000d558Event: 2088.832 {heap After GC invocations=473 (full 5):
 PSYoungGen      total 31232K, used 1529K [0x00000000d5580000, 0x00000000d7800000, 0x0000000100000000)
  eden space 29696K, 0% used [0x00000000d5580000,0x00000000d5580000,0x00000000d7280000)
  from space 1536K, 99% used [0x00000000d7680000,0x00000000d77fe430,0x00000000d7800000)
  to   space 2560K, 0% used [0x00000000d7300000,0x00000000d7300000,0x00000000d7580000)
 ParOldGen       total 454656K, used 265378K [0x0000000080000000, 0x000000009bc00000, 0x00000000d5580000Event: 2329.762 {heap Before GC invocations=474 (full 5):
 PSYoungGen      total 31232K, used 31225K [0x00000000d5580000, 0x00000000d7800000, 0x0000000100000000)
  eden space 29696K, 100% used [0x00000000d5580000,0x00000000d7280000,0x00000000d7280000)
  from space 1536K, 99% used [0x00000000d7680000,0x00000000d77fe430,0x00000000d7800000)
  to   space 2560K, 0% used [0x00000000d7300000,0x00000000d7300000,0x00000000d7580000)
 ParOldGen       total 454656K, used 265378K [0x0000000080000000, 0x000000009bc00000, 0x00000000d558Event: 2329.765 {heap After GC invocations=474 (full 5):
 PSYoungGen      total 32768K, used 1161K [0x00000000d5580000, 0x00000000d7700000, 0x0000000100000000)
  eden space 30208K, 0% used [0x00000000d5580000,0x00000000d5580000,0x00000000d7300000)
  from space 2560K, 45% used [0x00000000d7300000,0x00000000d7422420,0x00000000d7580000)
  to   space 1536K, 0% used [0x00000000d7580000,0x00000000d7580000,0x00000000d7700000)
 ParOldGen       total 454656K, used 266697K [0x0000000080000000, 0x000000009bc00000, 0x00000000d5580000Event: 2330.602 {heap Before GC invocations=475 (full 5):
 PSYoungGen      total 32768K, used 31369K [0x00000000d5580000, 0x00000000d7700000, 0x0000000100000000)
  eden space 30208K, 100% used [0x00000000d5580000,0x00000000d7300000,0x00000000d7300000)
  from space 2560K, 45% used [0x00000000d7300000,0x00000000d7422420,0x00000000d7580000)
  to   space 1536K, 0% used [0x00000000d7580000,0x00000000d7580000,0x00000000d7700000)
 ParOldGen       total 454656K, used 266697K [0x0000000080000000, 0x000000009bc00000, 0x00000000d558Event: 2330.604 {heap After GC invocations=475 (full 5):
 PSYoungGen      total 32768K, used 1225K [0x00000000d5580000, 0x00000000d7700000, 0x0000000100000000)
  eden space 31232K, 0% used [0x00000000d5580000,0x00000000d5580000,0x00000000d7400000)
  from space 1536K, 79% used [0x00000000d7580000,0x00000000d76b2440,0x00000000d7700000)
  to   space 1536K, 0% used [0x00000000d7400000,0x00000000d7400000,0x00000000d7580000)
 ParOldGen       total 454656K, used 267462K [0x0000000080000000, 0x000000009bc00000, 0x00000000d5580000Event: 2354.551 {heap Before GC invocations=476 (full 5):
 PSYoungGen      total 32768K, used 32457K [0x00000000d5580000, 0x00000000d7700000, 0x0000000100000000)
  eden space 31232K, 100% used [0x00000000d5580000,0x00000000d7400000,0x00000000d7400000)
  from space 1536K, 79% used [0x00000000d7580000,0x00000000d76b2440,0x00000000d7700000)
  to   space 1536K, 0% used [0x00000000d7400000,0x00000000d7400000,0x00000000d7580000)
 ParOldGen       total 454656K, used 267462K [0x0000000080000000, 0x000000009bc00000, 0x00000000d558Event: 2354.553 {heap After GC invocations=476 (full 5):
 PSYoungGen      total 32768K, used 1225K [0x00000000d5580000, 0x00000000d7680000, 0x0000000100000000)
  eden space 31232K, 0% used [0x00000000d5580000,0x00000000d5580000,0x00000000d7400000)
  from space 1536K, 79% used [0x00000000d7400000,0x00000000d7532440,0x00000000d7580000)
  to   space 1024K, 0% used [0x00000000d7580000,0x00000000d7580000,0x00000000d7680000)
 ParOldGen       total 454656K, used 268483K [0x0000000080000000, 0x000000009bc00000, 0x00000000d5580000Event: 2354.957 {heap Before GC invocations=477 (full 5):
 PSYoungGen      total 32768K, used 32457K [0x00000000d5580000, 0x00000000d7680000, 0x0000000100000000)
  eden space 31232K, 100% used [0x00000000d5580000,0x00000000d7400000,0x00000000d7400000)
  from space 1536K, 79% used [0x00000000d7400000,0x00000000d7532440,0x00000000d7580000)
  to   space 1024K, 0% used [0x00000000d7580000,0x00000000d7580000,0x00000000d7680000)
 ParOldGen       total 454656K, used 268483K [0x0000000080000000, 0x000000009bc00000, 0x00000000d558Event: 2354.961 {heap After GC invocations=477 (full 5):
 PSYoungGen      total 30720K, used 1006K [0x00000000d5580000, 0x00000000d7980000, 0x0000000100000000)
  eden space 29696K, 0% used [0x00000000d5580000,0x00000000d5580000,0x00000000d7280000)
  from space 1024K, 98% used [0x00000000d7580000,0x00000000d767bb20,0x00000000d7680000)
  to   space 3072K, 0% used [0x00000000d7280000,0x00000000d7280000,0x00000000d7580000)
 ParOldGen       total 454656K, used 270278K [0x0000000080000000, 0x000000009bc00000, 0x00000000d5580000Event: 2365.119 {heap Before GC invocations=478 (full 5):
 PSYoungGen      total 30720K, used 30702K [0x00000000d5580000, 0x00000000d7980000, 0x0000000100000000)
  eden space 29696K, 100% used [0x00000000d5580000,0x00000000d7280000,0x00000000d7280000)
  from space 1024K, 98% used [0x00000000d7580000,0x00000000d767bb20,0x00000000d7680000)
  to   space 3072K, 0% used [0x00000000d7280000,0x00000000d7280000,0x00000000d7580000)
 ParOldGen       total 454656K, used 270278K [0x0000000080000000, 0x000000009bc00000, 0x00000000d558Event: 2365.125 {heap After GC invocations=478 (full 5):
 PSYoungGen      total 30208K, used 256K [0x00000000d5580000, 0x00000000d7680000, 0x0000000100000000)
  eden space 29696K, 0% used [0x00000000d5580000,0x00000000d5580000,0x00000000d7280000)
  from space 512K, 50% used [0x00000000d7280000,0x00000000d72c0000,0x00000000d7300000)
  to   space 1536K, 0% used [0x00000000d7500000,0x00000000d7500000,0x00000000d7680000)
 ParOldGen       total 454656K, used 271263K [0x0000000080000000, 0x000000009bc00000, 0x00000000d5580000)
Event: 2784.184 {heap Before GC invocations=479 (full 5):
 PSYoungGen      total 30208K, used 29894K [0x00000000d5580000, 0x00000000d7680000, 0x0000000100000000)
  eden space 29696K, 99% used [0x00000000d5580000,0x00000000d7271808,0x00000000d7280000)
  from space 512K, 50% used [0x00000000d7280000,0x00000000d72c0000,0x00000000d7300000)
  to   space 1536K, 0% used [0x00000000d7500000,0x00000000d7500000,0x00000000d7680000)
 ParOldGen       total 454656K, used 271263K [0x0000000080000000, 0x000000009bc00000, 0x00000000d55800Event: 2784.185 {heap After GC invocations=479 (full 5):
 PSYoungGen      total 33280K, used 352K [0x00000000d5580000, 0x00000000d7680000, 0x0000000100000000)
  eden space 31744K, 0% used [0x00000000d5580000,0x00000000d5580000,0x00000000d7480000)
  from space 1536K, 22% used [0x00000000d7500000,0x00000000d7558000,0x00000000d7680000)
  to   space 512K, 0% used [0x00000000d7480000,0x00000000d7480000,0x00000000d7500000)
 ParOldGen       total 454656K, used 271287K [0x0000000080000000, 0x000000009bc00000, 0x00000000d5580000)
Event: 2784.915 {heap Before GC invocations=480 (full 5):
 PSYoungGen      total 33280K, used 32096K [0x00000000d5580000, 0x00000000d7680000, 0x0000000100000000)
  eden space 31744K, 100% used [0x00000000d5580000,0x00000000d7480000,0x00000000d7480000)
  from space 1536K, 22% used [0x00000000d7500000,0x00000000d7558000,0x00000000d7680000)
  to   space 512K, 0% used [0x00000000d7480000,0x00000000d7480000,0x00000000d7500000)
 ParOldGen       total 454656K, used 271287K [0x0000000080000000, 0x000000009bc00000, 0x00000000d5580Event: 2784.916 {heap After GC invocations=480 (full 5):
 PSYoungGen      total 32256K, used 510K [0x00000000d5580000, 0x00000000d7680000, 0x0000000100000000)
  eden space 31744K, 0% used [0x00000000d5580000,0x00000000d5580000,0x00000000d7480000)
  from space 512K, 99% used [0x00000000d7480000,0x00000000d74ffac8,0x00000000d7500000)
  to   space 1024K, 0% used [0x00000000d7580000,0x00000000d7580000,0x00000000d7680000)
 ParOldGen       total 454656K, used 271399K [0x0000000080000000, 0x000000009bc00000, 0x00000000d5580000)
Event: 2785.181 {heap Before GC invocations=481 (full 5):
 PSYoungGen      total 32256K, used 32246K [0x00000000d5580000, 0x00000000d7680000, 0x0000000100000000)
  eden space 31744K, 99% used [0x00000000d5580000,0x00000000d747df90,0x00000000d7480000)
  from space 512K, 99% used [0x00000000d7480000,0x00000000d74ffac8,0x00000000d7500000)
  to   space 1024K, 0% used [0x00000000d7580000,0x00000000d7580000,0x00000000d7680000)
 ParOldGen       total 454656K, used 271399K [0x0000000080000000, 0x000000009bc00000, 0x00000000d55800Event: 2785.182 {heap After GC invocations=481 (full 5):
 PSYoungGen      total 32256K, used 955K [0x00000000d5580000, 0x00000000d7700000, 0x0000000100000000)
  eden space 31232K, 0% used [0x00000000d5580000,0x00000000d5580000,0x00000000d7400000)
  from space 1024K, 93% used [0x00000000d7580000,0x00000000d766ee08,0x00000000d7680000)
  to   space 1536K, 0% used [0x00000000d7400000,0x00000000d7400000,0x00000000d7580000)
 ParOldGen       total 454656K, used 271543K [0x0000000080000000, 0x000000009bc00000, 0x00000000d5580000)
Metaspace Usage History (20 events):
Event: 1853.002 {metaspace Before GC invocations=472 (full 5):
 Metaspace       used 131163K, committed 133120K, reserved 1179648K
  class space    used 12356K, committed 13184K, reserved 1048576K
}
Event: 1853.009 {metaspace After GC invocations=472 (full 5):
 Metaspace       used 131163K, committed 133120K, reserved 1179648K
  class space    used 12356K, committed 13184K, reserved 1048576K
}
Event: 2088.829 {metaspace Before GC invocations=473 (full 5):
 Metaspace       used 131193K, committed 133184K, reserved 1179648K
  class space    used 12356K, committed 13184K, reserved 1048576K
}
Event: 2088.832 {metaspace After GC invocations=473 (full 5):
 Metaspace       used 131193K, committed 133184K, reserved 1179648K
  class space    used 12356K, committed 13184K, reserved 1048576K
}
Event: 2329.762 {metaspace Before GC invocations=474 (full 5):
 Metaspace       used 131197K, committed 133184K, reserved 1179648K
  class space    used 12356K, committed 13184K, reserved 1048576K
}
Event: 2329.765 {metaspace After GC invocations=474 (full 5):
 Metaspace       used 131197K, committed 133184K, reserved 1179648K
  class space    used 12356K, committed 13184K, reserved 1048576K
}
Event: 2330.602 {metaspace Before GC invocations=475 (full 5):
 Metaspace       used 131207K, committed 133184K, reserved 1179648K
  class space    used 12356K, committed 13184K, reserved 1048576K
}
Event: 2330.604 {metaspace After GC invocations=475 (full 5):
 Metaspace       used 131207K, committed 133184K, reserved 1179648K
  class space    used 12356K, committed 13184K, reserved 1048576K
}
Event: 2354.551 {metaspace Before GC invocations=476 (full 5):
 Metaspace       used 131216K, committed 133184K, reserved 1179648K
  class space    used 12356K, committed 13184K, reserved 1048576K
}
Event: 2354.553 {metaspace After GC invocations=476 (full 5):
 Metaspace       used 131216K, committed 133184K, reserved 1179648K
  class space    used 12356K, committed 13184K, reserved 1048576K
}
Event: 2354.958 {metaspace Before GC invocations=477 (full 5):
 Metaspace       used 131238K, committed 133184K, reserved 1179648K
  class space    used 12356K, committed 13184K, reserved 1048576K
}
Event: 2354.961 {metaspace After GC invocations=477 (full 5):
 Metaspace       used 131238K, committed 133184K, reserved 1179648K
  class space    used 12356K, committed 13184K, reserved 1048576K
}
Event: 2365.119 {metaspace Before GC invocations=478 (full 5):
 Metaspace       used 131240K, committed 133184K, reserved 1179648K
  class space    used 12356K, committed 13184K, reserved 1048576K
}
Event: 2365.125 {metaspace After GC invocations=478 (full 5):
 Metaspace       used 131240K, committed 133184K, reserved 1179648K
  class space    used 12356K, committed 13184K, reserved 1048576K
}
Event: 2784.184 {metaspace Before GC invocations=479 (full 5):
 Metaspace       used 131359K, committed 133376K, reserved 1179648K
  class space    used 12380K, committed 13248K, reserved 1048576K
}
Event: 2784.185 {metaspace After GC invocations=479 (full 5):
 Metaspace       used 131359K, committed 133376K, reserved 1179648K
  class space    used 12380K, committed 13248K, reserved 1048576K
}
Event: 2784.915 {metaspace Before GC invocations=480 (full 5):
 Metaspace       used 131608K, committed 133696K, reserved 1179648K
  class space    used 12405K, committed 13312K, reserved 1048576K
}
Event: 2784.916 {metaspace After GC invocations=480 (full 5):
 Metaspace       used 131608K, committed 133696K, reserved 1179648K
  class space    used 12405K, committed 13312K, reserved 1048576K
}
Event: 2785.181 {metaspace Before GC invocations=481 (full 5):
 Metaspace       used 132480K, committed 135040K, reserved 1179648K
  class space    used 12607K, committed 13696K, reserved 1048576K
}
Event: 2785.182 {metaspace After GC invocations=481 (full 5):
 Metaspace       used 132480K, committed 135040K, reserved 1179648K
  class space    used 12607K, committed 13696K, reserved 1048576K
}

