# JRE version: Java(TM) SE Runtime Environment (25.0.1+8) (build 25.0.1+8-LTS-27)
# Java VM: Java HotSpot(TM) 64-Bit Server VM (25.0.1+8-LTS-27, mixed mode, sharing, tiered, compressed oops, compressed class ptrs, parallel gc, windows-amd64)
GC Precious Log:
 CardTable entry size: 512
 CPUs: 16 total, 16 available
 Memory: 15711M
 Large Page Support: Disabled
 NUMA Support: Disabled
 Compressed Oops: Enabled (32-bit)
 Alignments: Space 512K, Generation 512K, Heap 2M
 Heap Min Capacity: 100M
 Heap Initial Capacity: 100M
 Heap Max Capacity: 2G
 Pre-touch: Disabled
 Parallel Workers: 13
Heap:
 PSYoungGen      total 32768K, used 15008K [0x00000000d5580000, 0x00000000d7680000, 0x0000000100000000)
  eden space 31744K, 44% used [0x00000000d5580000,0x00000000d6355ac8,0x00000000d7480000)
  from space 1024K, 82% used [0x00000000d7580000,0x00000000d76528c8,0x00000000d7680000)
  to   space 1024K, 0% used [0x00000000d7480000,0x00000000d7480000,0x00000000d7580000)
 ParOldGen       total 467456K, used 467399K [0x0000000080000000, 0x000000009c880000, 0x00000000d5580000)
  object space 467456K, 99% used [0x0000000080000000,0x000000009c871c90,0x000000009c880000)
GC Heap Usage History (20 events):
Event: 152.398 {heap Before GC invocations=354 (full 3):
 PSYoungGen      total 32768K, used 32191K [0x00000000d5580000, 0x00000000d7680000, 0x0000000100000000)
  eden space 31744K, 99% used [0x00000000d5580000,0x00000000d747ffd0,0x00000000d7480000)
  from space 1024K, 43% used [0x00000000d7580000,0x00000000d75f0000,0x00000000d7680000)
  to   space 1024K, 0% used [0x00000000d7480000,0x00000000d7480000,0x00000000d7580000)
 ParOldGen       total 457728K, used 457645K [0x0000000080000000, 0x000000009bf00000, 0x00000000d5580Event: 152.400 {heap After GC invocations=354 (full 3):
 PSYoungGen      total 32768K, used 841K [0x00000000d5580000, 0x00000000d7680000, 0x0000000100000000)
  eden space 31744K, 0% used [0x00000000d5580000,0x00000000d5580000,0x00000000d7480000)
  from space 1024K, 82% used [0x00000000d7480000,0x00000000d7552400,0x00000000d7580000)
  to   space 1024K, 0% used [0x00000000d7580000,0x00000000d7580000,0x00000000d7680000)
 ParOldGen       total 458240K, used 457901K [0x0000000080000000, 0x000000009bf80000, 0x00000000d5580000)Event: 155.242 {heap Before GC invocations=355 (full 3):
 PSYoungGen      total 32768K, used 32585K [0x00000000d5580000, 0x00000000d7680000, 0x0000000100000000)
  eden space 31744K, 100% used [0x00000000d5580000,0x00000000d7480000,0x00000000d7480000)
  from space 1024K, 82% used [0x00000000d7480000,0x00000000d7552400,0x00000000d7580000)
  to   space 1024K, 0% used [0x00000000d7580000,0x00000000d7580000,0x00000000d7680000)
 ParOldGen       total 458240K, used 457901K [0x0000000080000000, 0x000000009bf80000, 0x00000000d558Event: 155.250 {heap After GC invocations=355 (full 3):
 PSYoungGen      total 30208K, used 1021K [0x00000000d5580000, 0x00000000d7b00000, 0x0000000100000000)
  eden space 29184K, 0% used [0x00000000d5580000,0x00000000d5580000,0x00000000d7200000)
  from space 1024K, 99% used [0x00000000d7580000,0x00000000d767f680,0x00000000d7680000)
  to   space 3584K, 0% used [0x00000000d7200000,0x00000000d7200000,0x00000000d7580000)
 ParOldGen       total 460288K, used 459802K [0x0000000080000000, 0x000000009c180000, 0x00000000d5580000Event: 157.596 {heap Before GC invocations=356 (full 3):
 PSYoungGen      total 30208K, used 30205K [0x00000000d5580000, 0x00000000d7b00000, 0x0000000100000000)
  eden space 29184K, 100% used [0x00000000d5580000,0x00000000d7200000,0x00000000d7200000)
  from space 1024K, 99% used [0x00000000d7580000,0x00000000d767f680,0x00000000d7680000)
  to   space 3584K, 0% used [0x00000000d7200000,0x00000000d7200000,0x00000000d7580000)
 ParOldGen       total 460288K, used 459802K [0x0000000080000000, 0x000000009c180000, 0x00000000d558Event: 157.600 {heap After GC invocations=356 (full 3):
 PSYoungGen      total 31744K, used 2082K [0x00000000d5580000, 0x00000000d7680000, 0x0000000100000000)
  eden space 29184K, 0% used [0x00000000d5580000,0x00000000d5580000,0x00000000d7200000)
  from space 2560K, 81% used [0x00000000d7200000,0x00000000d7408850,0x00000000d7480000)
  to   space 2048K, 0% used [0x00000000d7480000,0x00000000d7480000,0x00000000d7680000)
 ParOldGen       total 460800K, used 460784K [0x0000000080000000, 0x000000009c200000, 0x00000000d5580000Event: 158.972 {heap Before GC invocations=357 (full 3):
 PSYoungGen      total 31744K, used 31266K [0x00000000d5580000, 0x00000000d7680000, 0x0000000100000000)
  eden space 29184K, 100% used [0x00000000d5580000,0x00000000d7200000,0x00000000d7200000)
  from space 2560K, 81% used [0x00000000d7200000,0x00000000d7408850,0x00000000d7480000)
  to   space 2048K, 0% used [0x00000000d7480000,0x00000000d7480000,0x00000000d7680000)
 ParOldGen       total 460800K, used 460784K [0x0000000080000000, 0x000000009c200000, 0x00000000d558Event: 158.975 {heap After GC invocations=357 (full 3):
 PSYoungGen      total 30208K, used 2029K [0x00000000d5580000, 0x00000000d7880000, 0x0000000100000000)
  eden space 28160K, 0% used [0x00000000d5580000,0x00000000d5580000,0x00000000d7100000)
  from space 2048K, 99% used [0x00000000d7480000,0x00000000d767b690,0x00000000d7680000)
  to   space 3584K, 0% used [0x00000000d7100000,0x00000000d7100000,0x00000000d7480000)
 ParOldGen       total 462336K, used 461857K [0x0000000080000000, 0x000000009c380000, 0x00000000d5580000Event: 161.512 {heap Before GC invocations=358 (full 3):
 PSYoungGen      total 30208K, used 30189K [0x00000000d5580000, 0x00000000d7880000, 0x0000000100000000)
  eden space 28160K, 100% used [0x00000000d5580000,0x00000000d7100000,0x00000000d7100000)
  from space 2048K, 99% used [0x00000000d7480000,0x00000000d767b690,0x00000000d7680000)
  to   space 3584K, 0% used [0x00000000d7100000,0x00000000d7100000,0x00000000d7480000)
 ParOldGen       total 462336K, used 461857K [0x0000000080000000, 0x000000009c380000, 0x00000000d558Event: 161.518 {heap After GC invocations=358 (full 3):
 PSYoungGen      total 31232K, used 2679K [0x00000000d5580000, 0x00000000d7680000, 0x0000000100000000)
  eden space 28160K, 0% used [0x00000000d5580000,0x00000000d5580000,0x00000000d7100000)
  from space 3072K, 87% used [0x00000000d7100000,0x00000000d739df60,0x00000000d7400000)
  to   space 2560K, 0% used [0x00000000d7400000,0x00000000d7400000,0x00000000d7680000)
 ParOldGen       total 464384K, used 463875K [0x0000000080000000, 0x000000009c580000, 0x00000000d5580000Event: 163.849 {heap Before GC invocations=359 (full 3):
 PSYoungGen      total 31232K, used 30839K [0x00000000d5580000, 0x00000000d7680000, 0x0000000100000000)
  eden space 28160K, 100% used [0x00000000d5580000,0x00000000d7100000,0x00000000d7100000)
  from space 3072K, 87% used [0x00000000d7100000,0x00000000d739df60,0x00000000d7400000)
  to   space 2560K, 0% used [0x00000000d7400000,0x00000000d7400000,0x00000000d7680000)
 ParOldGen       total 464384K, used 463875K [0x0000000080000000, 0x000000009c580000, 0x00000000d558Event: 163.852 {heap After GC invocations=359 (full 3):
 PSYoungGen      total 32256K, used 512K [0x00000000d5580000, 0x00000000d7680000, 0x0000000100000000)
  eden space 29696K, 0% used [0x00000000d5580000,0x00000000d5580000,0x00000000d7280000)
  from space 2560K, 20% used [0x00000000d7400000,0x00000000d7480020,0x00000000d7680000)
  to   space 1536K, 0% used [0x00000000d7280000,0x00000000d7280000,0x00000000d7400000)
 ParOldGen       total 466432K, used 466017K [0x0000000080000000, 0x000000009c780000, 0x00000000d5580000)Event: 165.692 {heap Before GC invocations=360 (full 3):
 PSYoungGen      total 32256K, used 30208K [0x00000000d5580000, 0x00000000d7680000, 0x0000000100000000)
  eden space 29696K, 100% used [0x00000000d5580000,0x00000000d7280000,0x00000000d7280000)
  from space 2560K, 20% used [0x00000000d7400000,0x00000000d7480020,0x00000000d7680000)
  to   space 1536K, 0% used [0x00000000d7280000,0x00000000d7280000,0x00000000d7400000)
 ParOldGen       total 466432K, used 466017K [0x0000000080000000, 0x000000009c780000, 0x00000000d558Event: 165.694 {heap After GC invocations=360 (full 3):
 PSYoungGen      total 31232K, used 512K [0x00000000d5580000, 0x00000000d7680000, 0x0000000100000000)
  eden space 29696K, 0% used [0x00000000d5580000,0x00000000d5580000,0x00000000d7280000)
  from space 1536K, 33% used [0x00000000d7280000,0x00000000d7300020,0x00000000d7400000)
  to   space 1024K, 0% used [0x00000000d7580000,0x00000000d7580000,0x00000000d7680000)
 ParOldGen       total 466432K, used 466273K [0x0000000080000000, 0x000000009c780000, 0x00000000d5580000)Event: 269.727 {heap Before GC invocations=361 (full 3):
 PSYoungGen      total 31232K, used 30208K [0x00000000d5580000, 0x00000000d7680000, 0x0000000100000000)
  eden space 29696K, 99% used [0x00000000d5580000,0x00000000d727ffe8,0x00000000d7280000)
  from space 1536K, 33% used [0x00000000d7280000,0x00000000d7300020,0x00000000d7400000)
  to   space 1024K, 0% used [0x00000000d7580000,0x00000000d7580000,0x00000000d7680000)
 ParOldGen       total 466432K, used 466273K [0x0000000080000000, 0x000000009c780000, 0x00000000d5580Event: 269.729 {heap After GC invocations=361 (full 3):
 PSYoungGen      total 31744K, used 1020K [0x00000000d5580000, 0x00000000d7680000, 0x0000000100000000)
  eden space 30720K, 0% used [0x00000000d5580000,0x00000000d5580000,0x00000000d7380000)
  from space 1024K, 99% used [0x00000000d7580000,0x00000000d767f1f8,0x00000000d7680000)
  to   space 1536K, 0% used [0x00000000d7380000,0x00000000d7380000,0x00000000d7500000)
 ParOldGen       total 466432K, used 466353K [0x0000000080000000, 0x000000009c780000, 0x00000000d5580000Event: 269.917 {heap Before GC invocations=362 (full 3):
 PSYoungGen      total 31744K, used 31740K [0x00000000d5580000, 0x00000000d7680000, 0x0000000100000000)
  eden space 30720K, 100% used [0x00000000d5580000,0x00000000d7380000,0x00000000d7380000)
  from space 1024K, 99% used [0x00000000d7580000,0x00000000d767f1f8,0x00000000d7680000)
  to   space 1536K, 0% used [0x00000000d7380000,0x00000000d7380000,0x00000000d7500000)
 ParOldGen       total 466432K, used 466353K [0x0000000080000000, 0x000000009c780000, 0x00000000d558Event: 269.919 {heap After GC invocations=362 (full 3):
 PSYoungGen      total 32256K, used 288K [0x00000000d5580000, 0x00000000d7680000, 0x0000000100000000)
  eden space 30720K, 0% used [0x00000000d5580000,0x00000000d5580000,0x00000000d7380000)
  from space 1536K, 18% used [0x00000000d7380000,0x00000000d73c8000,0x00000000d7500000)
  to   space 1024K, 0% used [0x00000000d7580000,0x00000000d7580000,0x00000000d7680000)
 ParOldGen       total 467456K, used 467335K [0x0000000080000000, 0x000000009c880000, 0x00000000d5580000)Event: 270.912 {heap Before GC invocations=363 (full 3):
 PSYoungGen      total 32256K, used 31008K [0x00000000d5580000, 0x00000000d7680000, 0x0000000100000000)
  eden space 30720K, 100% used [0x00000000d5580000,0x00000000d7380000,0x00000000d7380000)
  from space 1536K, 18% used [0x00000000d7380000,0x00000000d73c8000,0x00000000d7500000)
  to   space 1024K, 0% used [0x00000000d7580000,0x00000000d7580000,0x00000000d7680000)
 ParOldGen       total 467456K, used 467335K [0x0000000080000000, 0x000000009c880000, 0x00000000d558Event: 270.915 {heap After GC invocations=363 (full 3):
 PSYoungGen      total 32768K, used 842K [0x00000000d5580000, 0x00000000d7680000, 0x0000000100000000)
  eden space 31744K, 0% used [0x00000000d5580000,0x00000000d5580000,0x00000000d7480000)
  from space 1024K, 82% used [0x00000000d7580000,0x00000000d76528c8,0x00000000d7680000)
  to   space 1024K, 0% used [0x00000000d7480000,0x00000000d7480000,0x00000000d7580000)
 ParOldGen       total 467456K, used 467399K [0x0000000080000000, 0x000000009c880000, 0x00000000d5580000)
Metaspace Usage History (20 events):
Event: 152.398 {metaspace Before GC invocations=354 (full 3):
 Metaspace       used 86269K, committed 88192K, reserved 1179648K
  class space    used 7516K, committed 8256K, reserved 1048576K
}
Event: 152.400 {metaspace After GC invocations=354 (full 3):
 Metaspace       used 86269K, committed 88192K, reserved 1179648K
  class space    used 7516K, committed 8256K, reserved 1048576K
}
Event: 155.242 {metaspace Before GC invocations=355 (full 3):
 Metaspace       used 86344K, committed 88320K, reserved 1179648K
  class space    used 7520K, committed 8256K, reserved 1048576K
}
Event: 155.250 {metaspace After GC invocations=355 (full 3):
 Metaspace       used 86344K, committed 88320K, reserved 1179648K
  class space    used 7520K, committed 8256K, reserved 1048576K
}
Event: 157.596 {metaspace Before GC invocations=356 (full 3):
 Metaspace       used 86397K, committed 88384K, reserved 1179648K
  class space    used 7521K, committed 8320K, reserved 1048576K
}
Event: 157.600 {metaspace After GC invocations=356 (full 3):
 Metaspace       used 86397K, committed 88384K, reserved 1179648K
  class space    used 7521K, committed 8320K, reserved 1048576K
}
Event: 158.972 {metaspace Before GC invocations=357 (full 3):
 Metaspace       used 86435K, committed 88448K, reserved 1179648K
  class space    used 7521K, committed 8320K, reserved 1048576K
}
Event: 158.975 {metaspace After GC invocations=357 (full 3):
 Metaspace       used 86435K, committed 88448K, reserved 1179648K
  class space    used 7521K, committed 8320K, reserved 1048576K
}
Event: 161.512 {metaspace Before GC invocations=358 (full 3):
 Metaspace       used 86527K, committed 88512K, reserved 1179648K
  class space    used 7526K, committed 8320K, reserved 1048576K
}
Event: 161.518 {metaspace After GC invocations=358 (full 3):
 Metaspace       used 86527K, committed 88512K, reserved 1179648K
  class space    used 7526K, committed 8320K, reserved 1048576K
}
Event: 163.850 {metaspace Before GC invocations=359 (full 3):
 Metaspace       used 86555K, committed 88576K, reserved 1179648K
  class space    used 7527K, committed 8320K, reserved 1048576K
}
Event: 163.852 {metaspace After GC invocations=359 (full 3):
 Metaspace       used 86555K, committed 88576K, reserved 1179648K
  class space    used 7527K, committed 8320K, reserved 1048576K
}
Event: 165.692 {metaspace Before GC invocations=360 (full 3):
 Metaspace       used 86588K, committed 88576K, reserved 1179648K
  class space    used 7533K, committed 8320K, reserved 1048576K
}
Event: 165.694 {metaspace After GC invocations=360 (full 3):
 Metaspace       used 86588K, committed 88576K, reserved 1179648K
  class space    used 7533K, committed 8320K, reserved 1048576K
}
Event: 269.727 {metaspace Before GC invocations=361 (full 3):
 Metaspace       used 89576K, committed 91648K, reserved 1179648K
  class space    used 7905K, committed 8704K, reserved 1048576K
}
Event: 269.729 {metaspace After GC invocations=361 (full 3):
 Metaspace       used 89576K, committed 91648K, reserved 1179648K
  class space    used 7905K, committed 8704K, reserved 1048576K
}
Event: 269.917 {metaspace Before GC invocations=362 (full 3):
 Metaspace       used 89603K, committed 91712K, reserved 1179648K
  class space    used 7908K, committed 8704K, reserved 1048576K
}
Event: 269.919 {metaspace After GC invocations=362 (full 3):
 Metaspace       used 89603K, committed 91712K, reserved 1179648K
  class space    used 7908K, committed 8704K, reserved 1048576K
}
Event: 270.912 {metaspace Before GC invocations=363 (full 3):
 Metaspace       used 90581K, committed 93056K, reserved 1179648K
  class space    used 8098K, committed 9024K, reserved 1048576K
}
Event: 270.915 {metaspace After GC invocations=363 (full 3):
 Metaspace       used 90581K, committed 93056K, reserved 1179648K
  class space    used 8098K, committed 9024K, reserved 1048576K
}

